[2018-04-02 08:43:29] Executing startup tasks
[2018-04-02 08:43:29] Java(TM) SE Runtime Environment 1.8.0_162-b12
[2018-04-02 08:43:29] Product self.product.version
[2018-04-02 08:43:29] Workspace /Users/parcaini/Desktop/github/fmselab/runtime-EclipseXtext
[2018-04-02 08:43:29] Bundle org.eclipse.oomph.setup 1.8.0.v20170408-0745, build=3059, branch=2161405b80cf99ed791602ba56cdf44084f5ca43
[2018-04-02 08:43:29] Bundle org.eclipse.oomph.setup.core 1.8.0.v20170531-0903, build=3059, branch=2161405b80cf99ed791602ba56cdf44084f5ca43
[2018-04-02 08:43:29] Bundle org.eclipse.oomph.setup.p2 1.8.0.v20170318-0419, build=3059, branch=2161405b80cf99ed791602ba56cdf44084f5ca43
[2018-04-02 08:43:29] Performing Preference /instance/org.asmeta.asmee/asmee.editor.runtuntilempty = true
[2018-04-02 08:43:29] Performing Preference /instance/org.asmeta.asmee/asmee.editor.runtuntiltrivial = false
[2018-04-02 08:43:29] Performing Preference /instance/org.eclipse.ui.workbench/ColorsAndFontsPreferencePage.expandedCategories = Torg.eclipse.ui.workbenchMisc
[2018-04-02 08:43:29] Performing Preference /instance/org.eclipse.ui.workbench/ColorsAndFontsPreferencePage.selectedElement = Forg.eclipse.jface.textfont
[2018-04-02 08:43:29] Performing Preference /instance/org.eclipse.ui.workbench/org.eclipse.compare.contentmergeviewer.TextMergeViewer = 1|Monaco|24.0|0|COCOA|1|Monaco;
[2018-04-02 08:43:29] Performing Preference /instance/org.eclipse.ui.workbench/org.eclipse.debug.ui.consoleFont = 1|Monaco|24.0|0|COCOA|1|Monaco;
[2018-04-02 08:43:29] Performing Preference /instance/org.eclipse.ui.workbench/org.eclipse.debug.ui.DetailPaneFont = 1|Monaco|24.0|0|COCOA|1|Monaco;
[2018-04-02 08:43:29] Performing Preference /instance/org.eclipse.ui.workbench/org.eclipse.debug.ui.MemoryViewTableFont = 1|Monaco|24.0|0|COCOA|1|Monaco;
[2018-04-02 08:43:29] Performing Preference /instance/org.eclipse.ui.workbench/org.eclipse.egit.ui.CommitMessageEditorFont = 1|Monaco|24.0|0|COCOA|1|Monaco;
[2018-04-02 08:43:29] Performing Preference /instance/org.eclipse.ui.workbench/org.eclipse.egit.ui.CommitMessageFont = 1|Monaco|24.0|0|COCOA|1|Monaco;
[2018-04-02 08:43:29] Performing Preference /instance/org.eclipse.ui.workbench/org.eclipse.egit.ui.DiffHeadlineFont = 1|Monaco|24.0|0|COCOA|1|Monaco;
[2018-04-02 08:43:29] Performing Preference /instance/org.eclipse.ui.workbench/org.eclipse.jdt.internal.ui.compare.JavaMergeViewer = 1|Monaco|24.0|0|COCOA|1|Monaco;
[2018-04-02 08:43:29] Performing Preference /instance/org.eclipse.ui.workbench/org.eclipse.jdt.internal.ui.compare.PropertiesFileMergeViewer = 1|Monaco|24.0|0|COCOA|1|Monaco;
[2018-04-02 08:43:29] Performing Preference /instance/org.eclipse.ui.workbench/org.eclipse.jdt.ui.editors.textfont = 1|Monaco|24.0|0|COCOA|1|Monaco;
[2018-04-02 08:43:29] Performing Preference /instance/org.eclipse.ui.workbench/org.eclipse.jdt.ui.PropertiesFileEditor.textfont = 1|Monaco|24.0|0|COCOA|1|Monaco;
[2018-04-02 08:43:29] Performing Preference /instance/org.eclipse.ui.workbench/org.eclipse.jface.textfont = 1|Monaco|24.0|0|COCOA|1|Monaco;
[2018-04-02 08:43:29] Performing Preference /instance/org.eclipse.ui.workbench/org.eclipse.mylyn.wikitext.ui.presentation.textFont = 1|Monaco|24.0|0|COCOA|1|Monaco;
[2018-04-02 08:43:29] Performing Preference /instance/org.eclipse.ui.workbench/org.eclipse.pde.internal.ui.compare.ManifestContentMergeViewer = 1|Monaco|24.0|0|COCOA|1|Monaco;
[2018-04-02 08:43:29] Performing Preference /instance/org.eclipse.ui.workbench/org.eclipse.pde.internal.ui.compare.PluginContentMergeViewer = 1|Monaco|24.0|0|COCOA|1|Monaco;
[2018-04-02 08:43:29] Performing Preference /instance/org.eclipse.ui.workbench/org.eclipse.xtend.ui.editors.textfont = 1|Monaco|24.0|0|COCOA|1|Monaco;
[2018-04-02 08:43:29] Performing Preference /instance/org.eclipse.ui.workbench/pref_console_font = 1|Monaco|24.0|0|COCOA|1|Monaco;
[2018-04-02 08:43:29] Performing Preference /instance/org.eclipse.ui.workbench/svn_comment_font = 1|Monaco|24.0|0|COCOA|1|Monaco;
[2018-04-02 08:43:29] 
[2018-09-29 13:40:25] Executing startup tasks
[2018-09-29 13:40:25] Java(TM) SE Runtime Environment 1.8.0_162-b12
[2018-09-29 13:40:25] Product self.product.version
[2018-09-29 13:40:25] Workspace /Users/parcaini/Desktop/github/fmselab/runtime-EclipseXtext
[2018-09-29 13:40:25] Bundle org.eclipse.oomph.setup 1.8.0.v20170408-0745, build=3059, branch=2161405b80cf99ed791602ba56cdf44084f5ca43
[2018-09-29 13:40:25] Bundle org.eclipse.oomph.setup.core 1.8.0.v20170531-0903, build=3059, branch=2161405b80cf99ed791602ba56cdf44084f5ca43
[2018-09-29 13:40:25] Bundle org.eclipse.oomph.setup.p2 1.8.0.v20170318-0419, build=3059, branch=2161405b80cf99ed791602ba56cdf44084f5ca43
[2018-09-29 13:40:26] Performing Preference /instance/org.asmeta.asmee/asmee.editor.runtuntilempty = true
[2018-09-29 13:40:26] Performing Preference /instance/org.asmeta.asmee/asmee.editor.runtuntiltrivial = false
[2018-09-29 13:40:26] Performing Preference /instance/org.eclipse.ui.workbench/ColorsAndFontsPreferencePage.expandedCategories = Torg.eclipse.ui.workbenchMisc
[2018-09-29 13:40:26] Performing Preference /instance/org.eclipse.ui.workbench/ColorsAndFontsPreferencePage.selectedElement = Forg.eclipse.jface.textfont
[2018-09-29 13:40:26] Performing Preference /instance/org.eclipse.ui.workbench/org.eclipse.compare.contentmergeviewer.TextMergeViewer = 1|Monaco|24.0|0|COCOA|1|Monaco;
[2018-09-29 13:40:26] Performing Preference /instance/org.eclipse.ui.workbench/org.eclipse.debug.ui.consoleFont = 1|Monaco|24.0|0|COCOA|1|Monaco;
[2018-09-29 13:40:26] Performing Preference /instance/org.eclipse.ui.workbench/org.eclipse.debug.ui.DetailPaneFont = 1|Monaco|24.0|0|COCOA|1|Monaco;
[2018-09-29 13:40:26] Performing Preference /instance/org.eclipse.ui.workbench/org.eclipse.debug.ui.MemoryViewTableFont = 1|Monaco|24.0|0|COCOA|1|Monaco;
[2018-09-29 13:40:26] Performing Preference /instance/org.eclipse.ui.workbench/org.eclipse.egit.ui.CommitMessageEditorFont = 1|Monaco|24.0|0|COCOA|1|Monaco;
[2018-09-29 13:40:26] Performing Preference /instance/org.eclipse.ui.workbench/org.eclipse.egit.ui.CommitMessageFont = 1|Monaco|24.0|0|COCOA|1|Monaco;
[2018-09-29 13:40:26] Performing Preference /instance/org.eclipse.ui.workbench/org.eclipse.egit.ui.DiffHeadlineFont = 1|Monaco|24.0|0|COCOA|1|Monaco;
[2018-09-29 13:40:26] Performing Preference /instance/org.eclipse.ui.workbench/org.eclipse.jdt.internal.ui.compare.JavaMergeViewer = 1|Monaco|24.0|0|COCOA|1|Monaco;
[2018-09-29 13:40:26] Performing Preference /instance/org.eclipse.ui.workbench/org.eclipse.jdt.internal.ui.compare.PropertiesFileMergeViewer = 1|Monaco|24.0|0|COCOA|1|Monaco;
[2018-09-29 13:40:26] Performing Preference /instance/org.eclipse.ui.workbench/org.eclipse.jdt.ui.editors.textfont = 1|Monaco|24.0|0|COCOA|1|Monaco;
[2018-09-29 13:40:26] Performing Preference /instance/org.eclipse.ui.workbench/org.eclipse.jdt.ui.PropertiesFileEditor.textfont = 1|Monaco|24.0|0|COCOA|1|Monaco;
[2018-09-29 13:40:26] Performing Preference /instance/org.eclipse.ui.workbench/org.eclipse.jface.textfont = 1|Monaco|24.0|0|COCOA|1|Monaco;
[2018-09-29 13:40:26] Performing Preference /instance/org.eclipse.ui.workbench/org.eclipse.mylyn.wikitext.ui.presentation.textFont = 1|Monaco|24.0|0|COCOA|1|Monaco;
[2018-09-29 13:40:26] Performing Preference /instance/org.eclipse.ui.workbench/org.eclipse.pde.internal.ui.compare.ManifestContentMergeViewer = 1|Monaco|24.0|0|COCOA|1|Monaco;
[2018-09-29 13:40:26] Performing Preference /instance/org.eclipse.ui.workbench/org.eclipse.pde.internal.ui.compare.PluginContentMergeViewer = 1|Monaco|24.0|0|COCOA|1|Monaco;
[2018-09-29 13:40:26] Performing Preference /instance/org.eclipse.ui.workbench/org.eclipse.xtend.ui.editors.textfont = 1|Monaco|24.0|0|COCOA|1|Monaco;
[2018-09-29 13:40:26] Performing Preference /instance/org.eclipse.ui.workbench/pref_console_font = 1|Monaco|24.0|0|COCOA|1|Monaco;
[2018-09-29 13:40:26] Performing Preference /instance/org.eclipse.ui.workbench/svn_comment_font = 1|Monaco|24.0|0|COCOA|1|Monaco;
[2018-09-29 13:40:26] 
[2018-11-10 10:48:26] Executing startup tasks
[2018-11-10 10:48:26] Java(TM) SE Runtime Environment 1.8.0_162-b12
[2018-11-10 10:48:26] Product self.product.version
[2018-11-10 10:48:26] Workspace /Users/parcaini/Desktop/github/fmselab/runtime-EclipseXtext
[2018-11-10 10:48:26] Bundle org.eclipse.oomph.setup 1.9.0.v20180529-0916, build=3551, branch=5a7202105cdec0e9bc9553799ba330ea58714ce5
[2018-11-10 10:48:26] Bundle org.eclipse.oomph.setup.core 1.9.0.v20180529-0916, build=3551, branch=5a7202105cdec0e9bc9553799ba330ea58714ce5
[2018-11-10 10:48:26] Bundle org.eclipse.oomph.setup.p2 1.9.0.v20180529-0916, build=3551, branch=5a7202105cdec0e9bc9553799ba330ea58714ce5
[2018-11-10 10:48:26] Performing Preference /instance/org.asmeta.asmee/asmee.editor.runtuntilempty = true
[2018-11-10 10:48:26] Performing Preference /instance/org.asmeta.asmee/asmee.editor.runtuntiltrivial = false
[2018-11-10 10:48:26] Performing Preference /instance/org.eclipse.ui.workbench/ColorsAndFontsPreferencePage.expandedCategories = Torg.eclipse.ui.workbenchMisc
[2018-11-10 10:48:26] Performing Preference /instance/org.eclipse.ui.workbench/ColorsAndFontsPreferencePage.selectedElement = Forg.eclipse.jface.textfont
[2018-11-10 10:48:26] Performing Preference /instance/org.eclipse.ui.workbench/org.eclipse.compare.contentmergeviewer.TextMergeViewer = 1|Monaco|24.0|0|COCOA|1|Monaco;
[2018-11-10 10:48:26] Performing Preference /instance/org.eclipse.ui.workbench/org.eclipse.debug.ui.consoleFont = 1|Monaco|24.0|0|COCOA|1|Monaco;
[2018-11-10 10:48:26] Performing Preference /instance/org.eclipse.ui.workbench/org.eclipse.debug.ui.DetailPaneFont = 1|Monaco|24.0|0|COCOA|1|Monaco;
[2018-11-10 10:48:26] Performing Preference /instance/org.eclipse.ui.workbench/org.eclipse.debug.ui.MemoryViewTableFont = 1|Monaco|24.0|0|COCOA|1|Monaco;
[2018-11-10 10:48:26] Performing Preference /instance/org.eclipse.ui.workbench/org.eclipse.egit.ui.CommitMessageEditorFont = 1|Monaco|24.0|0|COCOA|1|Monaco;
[2018-11-10 10:48:26] Performing Preference /instance/org.eclipse.ui.workbench/org.eclipse.egit.ui.CommitMessageFont = 1|Monaco|24.0|0|COCOA|1|Monaco;
[2018-11-10 10:48:26] Performing Preference /instance/org.eclipse.ui.workbench/org.eclipse.egit.ui.DiffHeadlineFont = 1|Monaco|24.0|0|COCOA|1|Monaco;
[2018-11-10 10:48:26] Performing Preference /instance/org.eclipse.ui.workbench/org.eclipse.jdt.internal.ui.compare.JavaMergeViewer = 1|Monaco|24.0|0|COCOA|1|Monaco;
[2018-11-10 10:48:26] Performing Preference /instance/org.eclipse.ui.workbench/org.eclipse.jdt.internal.ui.compare.PropertiesFileMergeViewer = 1|Monaco|24.0|0|COCOA|1|Monaco;
[2018-11-10 10:48:26] Performing Preference /instance/org.eclipse.ui.workbench/org.eclipse.jdt.ui.editors.textfont = 1|Monaco|24.0|0|COCOA|1|Monaco;
[2018-11-10 10:48:26] Performing Preference /instance/org.eclipse.ui.workbench/org.eclipse.jdt.ui.PropertiesFileEditor.textfont = 1|Monaco|24.0|0|COCOA|1|Monaco;
[2018-11-10 10:48:26] Performing Preference /instance/org.eclipse.ui.workbench/org.eclipse.jface.textfont = 1|Monaco|24.0|0|COCOA|1|Monaco;
[2018-11-10 10:48:26] Performing Preference /instance/org.eclipse.ui.workbench/org.eclipse.mylyn.wikitext.ui.presentation.textFont = 1|Monaco|24.0|0|COCOA|1|Monaco;
[2018-11-10 10:48:26] Performing Preference /instance/org.eclipse.ui.workbench/org.eclipse.pde.internal.ui.compare.ManifestContentMergeViewer = 1|Monaco|24.0|0|COCOA|1|Monaco;
[2018-11-10 10:48:26] Performing Preference /instance/org.eclipse.ui.workbench/org.eclipse.pde.internal.ui.compare.PluginContentMergeViewer = 1|Monaco|24.0|0|COCOA|1|Monaco;
[2018-11-10 10:48:26] Performing Preference /instance/org.eclipse.ui.workbench/org.eclipse.xtend.ui.editors.textfont = 1|Monaco|24.0|0|COCOA|1|Monaco;
[2018-11-10 10:48:26] Performing Preference /instance/org.eclipse.ui.workbench/pref_console_font = 1|Monaco|24.0|0|COCOA|1|Monaco;
[2018-11-10 10:48:26] Performing Preference /instance/org.eclipse.ui.workbench/svn_comment_font = 1|Monaco|24.0|0|COCOA|1|Monaco;
[2018-11-10 10:48:26] 
[2018-12-08 18:22:47] Executing startup tasks
[2018-12-08 18:22:47] Java(TM) SE Runtime Environment 1.8.0_162-b12
[2018-12-08 18:22:47] Product self.product.version
[2018-12-08 18:22:47] Workspace /Users/parcaini/Desktop/github/fmselab/runtime-EclipseXtext
[2018-12-08 18:22:47] Bundle org.eclipse.oomph.setup 1.9.0.v20180529-0916, build=3551, branch=5a7202105cdec0e9bc9553799ba330ea58714ce5
[2018-12-08 18:22:47] Bundle org.eclipse.oomph.setup.core 1.9.0.v20180529-0916, build=3551, branch=5a7202105cdec0e9bc9553799ba330ea58714ce5
[2018-12-08 18:22:47] Bundle org.eclipse.oomph.setup.p2 1.9.0.v20180529-0916, build=3551, branch=5a7202105cdec0e9bc9553799ba330ea58714ce5
[2018-12-08 18:22:47] Performing Preference /instance/org.asmeta.asmee/asmee.editor.runtuntilempty = true
[2018-12-08 18:22:47] Performing Preference /instance/org.asmeta.asmee/asmee.editor.runtuntiltrivial = false
[2018-12-08 18:22:47] Performing Preference /instance/org.eclipse.ui.workbench/ColorsAndFontsPreferencePage.expandedCategories = Torg.eclipse.ui.workbenchMisc
[2018-12-08 18:22:47] Performing Preference /instance/org.eclipse.ui.workbench/ColorsAndFontsPreferencePage.selectedElement = Forg.eclipse.jface.textfont
[2018-12-08 18:22:47] Performing Preference /instance/org.eclipse.ui.workbench/org.eclipse.compare.contentmergeviewer.TextMergeViewer = 1|Monaco|24.0|0|COCOA|1|Monaco;
[2018-12-08 18:22:47] Performing Preference /instance/org.eclipse.ui.workbench/org.eclipse.debug.ui.consoleFont = 1|Monaco|24.0|0|COCOA|1|Monaco;
[2018-12-08 18:22:47] Performing Preference /instance/org.eclipse.ui.workbench/org.eclipse.debug.ui.DetailPaneFont = 1|Monaco|24.0|0|COCOA|1|Monaco;
[2018-12-08 18:22:47] Performing Preference /instance/org.eclipse.ui.workbench/org.eclipse.debug.ui.MemoryViewTableFont = 1|Monaco|24.0|0|COCOA|1|Monaco;
[2018-12-08 18:22:47] Performing Preference /instance/org.eclipse.ui.workbench/org.eclipse.egit.ui.CommitMessageEditorFont = 1|Monaco|24.0|0|COCOA|1|Monaco;
[2018-12-08 18:22:47] Performing Preference /instance/org.eclipse.ui.workbench/org.eclipse.egit.ui.CommitMessageFont = 1|Monaco|24.0|0|COCOA|1|Monaco;
[2018-12-08 18:22:47] Performing Preference /instance/org.eclipse.ui.workbench/org.eclipse.egit.ui.DiffHeadlineFont = 1|Monaco|24.0|0|COCOA|1|Monaco;
[2018-12-08 18:22:47] Performing Preference /instance/org.eclipse.ui.workbench/org.eclipse.jdt.internal.ui.compare.JavaMergeViewer = 1|Monaco|24.0|0|COCOA|1|Monaco;
[2018-12-08 18:22:47] Performing Preference /instance/org.eclipse.ui.workbench/org.eclipse.jdt.internal.ui.compare.PropertiesFileMergeViewer = 1|Monaco|24.0|0|COCOA|1|Monaco;
[2018-12-08 18:22:47] Performing Preference /instance/org.eclipse.ui.workbench/org.eclipse.jdt.ui.editors.textfont = 1|Monaco|24.0|0|COCOA|1|Monaco;
[2018-12-08 18:22:47] Performing Preference /instance/org.eclipse.ui.workbench/org.eclipse.jdt.ui.PropertiesFileEditor.textfont = 1|Monaco|24.0|0|COCOA|1|Monaco;
[2018-12-08 18:22:47] Performing Preference /instance/org.eclipse.ui.workbench/org.eclipse.jface.textfont = 1|Monaco|24.0|0|COCOA|1|Monaco;
[2018-12-08 18:22:47] Performing Preference /instance/org.eclipse.ui.workbench/org.eclipse.mylyn.wikitext.ui.presentation.textFont = 1|Monaco|24.0|0|COCOA|1|Monaco;
[2018-12-08 18:22:47] Performing Preference /instance/org.eclipse.ui.workbench/org.eclipse.pde.internal.ui.compare.ManifestContentMergeViewer = 1|Monaco|24.0|0|COCOA|1|Monaco;
[2018-12-08 18:22:47] Performing Preference /instance/org.eclipse.ui.workbench/org.eclipse.pde.internal.ui.compare.PluginContentMergeViewer = 1|Monaco|24.0|0|COCOA|1|Monaco;
[2018-12-08 18:22:47] Performing Preference /instance/org.eclipse.ui.workbench/org.eclipse.xtend.ui.editors.textfont = 1|Monaco|24.0|0|COCOA|1|Monaco;
[2018-12-08 18:22:47] Performing Preference /instance/org.eclipse.ui.workbench/pref_console_font = 1|Monaco|24.0|0|COCOA|1|Monaco;
[2018-12-08 18:22:47] Performing Preference /instance/org.eclipse.ui.workbench/svn_comment_font = 1|Monaco|24.0|0|COCOA|1|Monaco;
[2018-12-08 18:22:47] 
[2019-03-10 12:41:19] Executing startup tasks
[2019-03-10 12:41:19] Java(TM) SE Runtime Environment 1.8.0_162-b12
[2019-03-10 12:41:19] Product self.product.version
[2019-03-10 12:41:19] Workspace /Users/parcaini/Desktop/github/fmselab/runtime-EclipseXtext
[2019-03-10 12:41:19] Bundle org.eclipse.oomph.setup 1.10.0.v20180914-1031, build=3771, branch=d5b911e1f3bc20f8e0c54af3126d8150fbc53bdf
[2019-03-10 12:41:19] Bundle org.eclipse.oomph.setup.core 1.11.0.v20181203-0741, build=3771, branch=d5b911e1f3bc20f8e0c54af3126d8150fbc53bdf
[2019-03-10 12:41:19] Bundle org.eclipse.oomph.setup.p2 1.10.0.v20180706-1242, build=3771, branch=d5b911e1f3bc20f8e0c54af3126d8150fbc53bdf
[2019-03-10 12:41:19] Performing Preference /instance/org.asmeta.asmee/asmee.editor.runtuntilempty = true
[2019-03-10 12:41:19] Performing Preference /instance/org.asmeta.asmee/asmee.editor.runtuntiltrivial = false
[2019-03-10 12:41:19] Performing Preference /instance/org.eclipse.debug.ui/Console.highWaterMark = 16000
[2019-03-10 12:41:19] Performing Preference /instance/org.eclipse.debug.ui/Console.limitConsoleOutput = true
[2019-03-10 12:41:19] Performing Preference /instance/org.eclipse.debug.ui/Console.lowWaterMark = 8000
[2019-03-10 12:41:19] Performing Preference /instance/org.eclipse.ui.workbench/ColorsAndFontsPreferencePage.expandedCategories = Torg.eclipse.ui.workbenchMisc
[2019-03-10 12:41:19] Performing Preference /instance/org.eclipse.ui.workbench/ColorsAndFontsPreferencePage.selectedElement = Forg.eclipse.jface.textfont
[2019-03-10 12:41:19] Performing Preference /instance/org.eclipse.ui.workbench/org.eclipse.compare.contentmergeviewer.TextMergeViewer = 1|Monaco|24.0|0|COCOA|1|Monaco;
[2019-03-10 12:41:19] Performing Preference /instance/org.eclipse.ui.workbench/org.eclipse.debug.ui.consoleFont = 1|Monaco|24.0|0|COCOA|1|Monaco;
[2019-03-10 12:41:19] Performing Preference /instance/org.eclipse.ui.workbench/org.eclipse.debug.ui.DetailPaneFont = 1|Monaco|24.0|0|COCOA|1|Monaco;
[2019-03-10 12:41:19] Performing Preference /instance/org.eclipse.ui.workbench/org.eclipse.debug.ui.MemoryViewTableFont = 1|Monaco|24.0|0|COCOA|1|Monaco;
[2019-03-10 12:41:19] Performing Preference /instance/org.eclipse.ui.workbench/org.eclipse.egit.ui.CommitMessageEditorFont = 1|Monaco|24.0|0|COCOA|1|Monaco;
[2019-03-10 12:41:19] Performing Preference /instance/org.eclipse.ui.workbench/org.eclipse.egit.ui.CommitMessageFont = 1|Monaco|24.0|0|COCOA|1|Monaco;
[2019-03-10 12:41:19] Performing Preference /instance/org.eclipse.ui.workbench/org.eclipse.egit.ui.DiffHeadlineFont = 1|Monaco|24.0|0|COCOA|1|Monaco;
[2019-03-10 12:41:19] Performing Preference /instance/org.eclipse.ui.workbench/org.eclipse.jdt.internal.ui.compare.JavaMergeViewer = 1|Monaco|24.0|0|COCOA|1|Monaco;
[2019-03-10 12:41:19] Performing Preference /instance/org.eclipse.ui.workbench/org.eclipse.jdt.internal.ui.compare.PropertiesFileMergeViewer = 1|Monaco|24.0|0|COCOA|1|Monaco;
[2019-03-10 12:41:19] Performing Preference /instance/org.eclipse.ui.workbench/org.eclipse.jdt.ui.editors.textfont = 1|Monaco|24.0|0|COCOA|1|Monaco;
[2019-03-10 12:41:19] Performing Preference /instance/org.eclipse.ui.workbench/org.eclipse.jdt.ui.PropertiesFileEditor.textfont = 1|Monaco|24.0|0|COCOA|1|Monaco;
[2019-03-10 12:41:19] Performing Preference /instance/org.eclipse.ui.workbench/org.eclipse.jface.textfont = 1|Monaco|24.0|0|COCOA|1|Monaco;
[2019-03-10 12:41:19] Performing Preference /instance/org.eclipse.ui.workbench/org.eclipse.mylyn.wikitext.ui.presentation.textFont = 1|Monaco|24.0|0|COCOA|1|Monaco;
[2019-03-10 12:41:19] Performing Preference /instance/org.eclipse.ui.workbench/org.eclipse.pde.internal.ui.compare.ManifestContentMergeViewer = 1|Monaco|24.0|0|COCOA|1|Monaco;
[2019-03-10 12:41:19] Performing Preference /instance/org.eclipse.ui.workbench/org.eclipse.pde.internal.ui.compare.PluginContentMergeViewer = 1|Monaco|24.0|0|COCOA|1|Monaco;
[2019-03-10 12:41:19] Performing Preference /instance/org.eclipse.ui.workbench/org.eclipse.xtend.ui.editors.textfont = 1|Monaco|24.0|0|COCOA|1|Monaco;
[2019-03-10 12:41:19] Performing Preference /instance/org.eclipse.ui.workbench/pref_console_font = 1|Monaco|24.0|0|COCOA|1|Monaco;
[2019-03-10 12:41:19] Performing Preference /instance/org.eclipse.ui.workbench/svn_comment_font = 1|Monaco|24.0|0|COCOA|1|Monaco;
[2019-03-10 12:41:19] 
[2019-03-10 19:01:23] Executing startup tasks
[2019-03-10 19:01:23] Java(TM) SE Runtime Environment 1.8.0_162-b12
[2019-03-10 19:01:23] Product self.product.version
[2019-03-10 19:01:23] Workspace /Users/parcaini/Desktop/github/fmselab/runtime-EclipseXtext
[2019-03-10 19:01:23] Bundle org.eclipse.oomph.setup 1.10.0.v20180914-1031, build=3771, branch=d5b911e1f3bc20f8e0c54af3126d8150fbc53bdf
[2019-03-10 19:01:23] Bundle org.eclipse.oomph.setup.core 1.11.0.v20181203-0741, build=3771, branch=d5b911e1f3bc20f8e0c54af3126d8150fbc53bdf
[2019-03-10 19:01:23] Bundle org.eclipse.oomph.setup.p2 1.10.0.v20180706-1242, build=3771, branch=d5b911e1f3bc20f8e0c54af3126d8150fbc53bdf
[2019-03-10 19:01:23] Performing Preference /instance/org.asmeta.asmee/asmee.editor.runtuntilempty = true
[2019-03-10 19:01:23] Performing Preference /instance/org.asmeta.asmee/asmee.editor.runtuntiltrivial = false
[2019-03-10 19:01:23] Performing Preference /instance/org.eclipse.debug.ui/Console.highWaterMark = 16000
[2019-03-10 19:01:23] Performing Preference /instance/org.eclipse.debug.ui/Console.limitConsoleOutput = true
[2019-03-10 19:01:23] Performing Preference /instance/org.eclipse.debug.ui/Console.lowWaterMark = 8000
[2019-03-10 19:01:23] Performing Preference /instance/org.eclipse.ui.workbench/ColorsAndFontsPreferencePage.expandedCategories = Torg.eclipse.ui.workbenchMisc
[2019-03-10 19:01:23] Performing Preference /instance/org.eclipse.ui.workbench/ColorsAndFontsPreferencePage.selectedElement = Forg.eclipse.jface.textfont
[2019-03-10 19:01:23] Performing Preference /instance/org.eclipse.ui.workbench/org.eclipse.compare.contentmergeviewer.TextMergeViewer = 1|Monaco|24.0|0|COCOA|1|Monaco;
[2019-03-10 19:01:23] Performing Preference /instance/org.eclipse.ui.workbench/org.eclipse.debug.ui.consoleFont = 1|Monaco|24.0|0|COCOA|1|Monaco;
[2019-03-10 19:01:23] Performing Preference /instance/org.eclipse.ui.workbench/org.eclipse.debug.ui.DetailPaneFont = 1|Monaco|24.0|0|COCOA|1|Monaco;
[2019-03-10 19:01:23] Performing Preference /instance/org.eclipse.ui.workbench/org.eclipse.debug.ui.MemoryViewTableFont = 1|Monaco|24.0|0|COCOA|1|Monaco;
[2019-03-10 19:01:23] Performing Preference /instance/org.eclipse.ui.workbench/org.eclipse.egit.ui.CommitMessageEditorFont = 1|Monaco|24.0|0|COCOA|1|Monaco;
[2019-03-10 19:01:23] Performing Preference /instance/org.eclipse.ui.workbench/org.eclipse.egit.ui.CommitMessageFont = 1|Monaco|24.0|0|COCOA|1|Monaco;
[2019-03-10 19:01:23] Performing Preference /instance/org.eclipse.ui.workbench/org.eclipse.egit.ui.DiffHeadlineFont = 1|Monaco|24.0|0|COCOA|1|Monaco;
[2019-03-10 19:01:23] Performing Preference /instance/org.eclipse.ui.workbench/org.eclipse.jdt.internal.ui.compare.JavaMergeViewer = 1|Monaco|24.0|0|COCOA|1|Monaco;
[2019-03-10 19:01:23] Performing Preference /instance/org.eclipse.ui.workbench/org.eclipse.jdt.internal.ui.compare.PropertiesFileMergeViewer = 1|Monaco|24.0|0|COCOA|1|Monaco;
[2019-03-10 19:01:23] Performing Preference /instance/org.eclipse.ui.workbench/org.eclipse.jdt.ui.editors.textfont = 1|Monaco|24.0|0|COCOA|1|Monaco;
[2019-03-10 19:01:23] Performing Preference /instance/org.eclipse.ui.workbench/org.eclipse.jdt.ui.PropertiesFileEditor.textfont = 1|Monaco|24.0|0|COCOA|1|Monaco;
[2019-03-10 19:01:23] Performing Preference /instance/org.eclipse.ui.workbench/org.eclipse.jface.textfont = 1|Monaco|24.0|0|COCOA|1|Monaco;
[2019-03-10 19:01:23] Performing Preference /instance/org.eclipse.ui.workbench/org.eclipse.mylyn.wikitext.ui.presentation.textFont = 1|Monaco|24.0|0|COCOA|1|Monaco;
[2019-03-10 19:01:23] Performing Preference /instance/org.eclipse.ui.workbench/org.eclipse.pde.internal.ui.compare.ManifestContentMergeViewer = 1|Monaco|24.0|0|COCOA|1|Monaco;
[2019-03-10 19:01:23] Performing Preference /instance/org.eclipse.ui.workbench/org.eclipse.pde.internal.ui.compare.PluginContentMergeViewer = 1|Monaco|24.0|0|COCOA|1|Monaco;
[2019-03-10 19:01:23] Performing Preference /instance/org.eclipse.ui.workbench/org.eclipse.xtend.ui.editors.textfont = 1|Monaco|24.0|0|COCOA|1|Monaco;
[2019-03-10 19:01:23] Performing Preference /instance/org.eclipse.ui.workbench/pref_console_font = 1|Monaco|24.0|0|COCOA|1|Monaco;
[2019-03-10 19:01:23] Performing Preference /instance/org.eclipse.ui.workbench/svn_comment_font = 1|Monaco|24.0|0|COCOA|1|Monaco;
[2019-03-10 19:01:23] 
[2019-03-22 22:18:20] Executing startup tasks
[2019-03-22 22:18:20] Java(TM) SE Runtime Environment 1.8.0_162-b12
[2019-03-22 22:18:20] Product self.product.version
[2019-03-22 22:18:20] Workspace /Users/parcaini/Desktop/github/fmselab/runtime-EclipseXtext
[2019-03-22 22:18:20] Bundle org.eclipse.oomph.setup 1.10.0.v20180914-1031, build=3771, branch=d5b911e1f3bc20f8e0c54af3126d8150fbc53bdf
[2019-03-22 22:18:20] Bundle org.eclipse.oomph.setup.core 1.11.0.v20181203-0741, build=3771, branch=d5b911e1f3bc20f8e0c54af3126d8150fbc53bdf
[2019-03-22 22:18:20] Bundle org.eclipse.oomph.setup.p2 1.10.0.v20180706-1242, build=3771, branch=d5b911e1f3bc20f8e0c54af3126d8150fbc53bdf
[2019-03-22 22:18:20] Performing Preference /instance/asmeta.asmetasmv.ui/P_F = true
[2019-03-22 22:18:20] Performing Preference /instance/org.asmeta.asmee/asmee.editor.runtuntilempty = true
[2019-03-22 22:18:20] Performing Preference /instance/org.asmeta.asmee/asmee.editor.runtuntiltrivial = false
[2019-03-22 22:18:20] Performing Preference /instance/org.eclipse.debug.ui/Console.highWaterMark = 16000
[2019-03-22 22:18:20] Performing Preference /instance/org.eclipse.debug.ui/Console.limitConsoleOutput = true
[2019-03-22 22:18:20] Performing Preference /instance/org.eclipse.debug.ui/Console.lowWaterMark = 8000
[2019-03-22 22:18:20] Performing Preference /instance/org.eclipse.ui.workbench/ColorsAndFontsPreferencePage.expandedCategories = Torg.eclipse.ui.workbenchMisc
[2019-03-22 22:18:20] Performing Preference /instance/org.eclipse.ui.workbench/ColorsAndFontsPreferencePage.selectedElement = Forg.eclipse.jface.textfont
[2019-03-22 22:18:20] Performing Preference /instance/org.eclipse.ui.workbench/org.eclipse.compare.contentmergeviewer.TextMergeViewer = 1|Monaco|24.0|0|COCOA|1|Monaco;
[2019-03-22 22:18:20] Performing Preference /instance/org.eclipse.ui.workbench/org.eclipse.debug.ui.consoleFont = 1|Monaco|24.0|0|COCOA|1|Monaco;
[2019-03-22 22:18:20] Performing Preference /instance/org.eclipse.ui.workbench/org.eclipse.debug.ui.DetailPaneFont = 1|Monaco|24.0|0|COCOA|1|Monaco;
[2019-03-22 22:18:20] Performing Preference /instance/org.eclipse.ui.workbench/org.eclipse.debug.ui.MemoryViewTableFont = 1|Monaco|24.0|0|COCOA|1|Monaco;
[2019-03-22 22:18:20] Performing Preference /instance/org.eclipse.ui.workbench/org.eclipse.egit.ui.CommitMessageEditorFont = 1|Monaco|24.0|0|COCOA|1|Monaco;
[2019-03-22 22:18:20] Performing Preference /instance/org.eclipse.ui.workbench/org.eclipse.egit.ui.CommitMessageFont = 1|Monaco|24.0|0|COCOA|1|Monaco;
[2019-03-22 22:18:20] Performing Preference /instance/org.eclipse.ui.workbench/org.eclipse.egit.ui.DiffHeadlineFont = 1|Monaco|24.0|0|COCOA|1|Monaco;
[2019-03-22 22:18:20] Performing Preference /instance/org.eclipse.ui.workbench/org.eclipse.jdt.internal.ui.compare.JavaMergeViewer = 1|Monaco|24.0|0|COCOA|1|Monaco;
[2019-03-22 22:18:20] Performing Preference /instance/org.eclipse.ui.workbench/org.eclipse.jdt.internal.ui.compare.PropertiesFileMergeViewer = 1|Monaco|24.0|0|COCOA|1|Monaco;
[2019-03-22 22:18:20] Performing Preference /instance/org.eclipse.ui.workbench/org.eclipse.jdt.ui.editors.textfont = 1|Monaco|24.0|0|COCOA|1|Monaco;
[2019-03-22 22:18:20] Performing Preference /instance/org.eclipse.ui.workbench/org.eclipse.jdt.ui.PropertiesFileEditor.textfont = 1|Monaco|24.0|0|COCOA|1|Monaco;
[2019-03-22 22:18:20] Performing Preference /instance/org.eclipse.ui.workbench/org.eclipse.jface.textfont = 1|Monaco|24.0|0|COCOA|1|Monaco;
[2019-03-22 22:18:20] Performing Preference /instance/org.eclipse.ui.workbench/org.eclipse.mylyn.wikitext.ui.presentation.textFont = 1|Monaco|24.0|0|COCOA|1|Monaco;
[2019-03-22 22:18:20] Performing Preference /instance/org.eclipse.ui.workbench/org.eclipse.pde.internal.ui.compare.ManifestContentMergeViewer = 1|Monaco|24.0|0|COCOA|1|Monaco;
[2019-03-22 22:18:20] Performing Preference /instance/org.eclipse.ui.workbench/org.eclipse.pde.internal.ui.compare.PluginContentMergeViewer = 1|Monaco|24.0|0|COCOA|1|Monaco;
[2019-03-22 22:18:20] Performing Preference /instance/org.eclipse.ui.workbench/org.eclipse.xtend.ui.editors.textfont = 1|Monaco|24.0|0|COCOA|1|Monaco;
[2019-03-22 22:18:20] Performing Preference /instance/org.eclipse.ui.workbench/pref_console_font = 1|Monaco|24.0|0|COCOA|1|Monaco;
[2019-03-22 22:18:20] Performing Preference /instance/org.eclipse.ui.workbench/svn_comment_font = 1|Monaco|24.0|0|COCOA|1|Monaco;
[2019-03-22 22:18:21] 
